  ofApp.cpp
     Creating library bin\DS3.lib and object bin\DS3.exp
  LINK : /LTCG specified but no code generation required; remove /LTCG from the link command line to improve linker performance
  DS3.vcxproj -> D:\openFrameworks\apps\myApps\DS3\bin\DS3.exe
  D:\openFrameworks\apps\myApps\DS3\..\..\..\export\vs\Win32\assimp.dll
  D:\openFrameworks\apps\myApps\DS3\..\..\..\export\vs\Win32\fmodex.dll
  D:\openFrameworks\apps\myApps\DS3\..\..\..\export\vs\Win32\fmodexL.dll
  D:\openFrameworks\apps\myApps\DS3\..\..\..\export\vs\Win32\FreeImage.dll
  D:\openFrameworks\apps\myApps\DS3\..\..\..\export\vs\Win32\freetype.dll
  D:\openFrameworks\apps\myApps\DS3\..\..\..\export\vs\Win32\glut32.dll
  D:\openFrameworks\apps\myApps\DS3\..\..\..\export\vs\Win32\libeay32.dll
  D:\openFrameworks\apps\myApps\DS3\..\..\..\export\vs\Win32\ssleay32.dll
  D:\openFrameworks\apps\myApps\DS3\..\..\..\export\vs\Win32\Zlib.dll
  D:\openFrameworks\apps\myApps\DS3\..\..\..\export\vs\x64\assimp.dll
  D:\openFrameworks\apps\myApps\DS3\..\..\..\export\vs\x64\fmodex64.dll
  D:\openFrameworks\apps\myApps\DS3\..\..\..\export\vs\x64\fmodexL64.dll
  D:\openFrameworks\apps\myApps\DS3\..\..\..\export\vs\x64\FreeImage.dll
  D:\openFrameworks\apps\myApps\DS3\..\..\..\export\vs\x64\freetype.dll
  D:\openFrameworks\apps\myApps\DS3\..\..\..\export\vs\x64\glut32.dll
  D:\openFrameworks\apps\myApps\DS3\..\..\..\export\vs\x64\libeay32.dll
  D:\openFrameworks\apps\myApps\DS3\..\..\..\export\vs\x64\ssleay32.dll
  D:\openFrameworks\apps\myApps\DS3\..\..\..\export\vs\x64\Zlib.dll
  18 File(s) copied
  ..\..\..\addons\ofxKinectCommonBridge\libs\KinectCommonBridge\lib\windows\vs\KinectCommonBridge.dll
  ..\..\..\addons\ofxKinectCommonBridge\libs\KinectCommonBridge\lib\windows\vs64\KinectCommonBridge.dll
  ..\..\..\addons\ofxKinectCommonBridge\libs\KinectCommonBridge\lib\windows\vs64_Speech\KinectCommonBridge.dll
  ..\..\..\addons\ofxKinectCommonBridge\libs\KinectCommonBridge\lib\windows\vs_Speech\KinectCommonBridge.dll
  4 File(s) copied
  D:\openFrameworks\apps\myApps\DS3\..\..\..\export\vs\Win32\assimp.dll
  D:\openFrameworks\apps\myApps\DS3\..\..\..\export\vs\Win32\fmodex.dll
  D:\openFrameworks\apps\myApps\DS3\..\..\..\export\vs\Win32\fmodexL.dll
  D:\openFrameworks\apps\myApps\DS3\..\..\..\export\vs\Win32\FreeImage.dll
  D:\openFrameworks\apps\myApps\DS3\..\..\..\export\vs\Win32\freetype.dll
  D:\openFrameworks\apps\myApps\DS3\..\..\..\export\vs\Win32\glut32.dll
  D:\openFrameworks\apps\myApps\DS3\..\..\..\export\vs\Win32\libeay32.dll
  D:\openFrameworks\apps\myApps\DS3\..\..\..\export\vs\Win32\ssleay32.dll
  D:\openFrameworks\apps\myApps\DS3\..\..\..\export\vs\Win32\Zlib.dll
  D:\openFrameworks\apps\myApps\DS3\..\..\..\export\vs\x64\assimp.dll
  D:\openFrameworks\apps\myApps\DS3\..\..\..\export\vs\x64\fmodex64.dll
  D:\openFrameworks\apps\myApps\DS3\..\..\..\export\vs\x64\fmodexL64.dll
  D:\openFrameworks\apps\myApps\DS3\..\..\..\export\vs\x64\FreeImage.dll
  D:\openFrameworks\apps\myApps\DS3\..\..\..\export\vs\x64\freetype.dll
  D:\openFrameworks\apps\myApps\DS3\..\..\..\export\vs\x64\glut32.dll
  D:\openFrameworks\apps\myApps\DS3\..\..\..\export\vs\x64\libeay32.dll
  D:\openFrameworks\apps\myApps\DS3\..\..\..\export\vs\x64\ssleay32.dll
  D:\openFrameworks\apps\myApps\DS3\..\..\..\export\vs\x64\Zlib.dll
  18 File(s) copied
  ..\..\..\addons\ofxKinectCommonBridge\libs\KinectCommonBridge\lib\windows\vs\KinectCommonBridge.dll
  ..\..\..\addons\ofxKinectCommonBridge\libs\KinectCommonBridge\lib\windows\vs64\KinectCommonBridge.dll
  ..\..\..\addons\ofxKinectCommonBridge\libs\KinectCommonBridge\lib\windows\vs64_Speech\KinectCommonBridge.dll
  ..\..\..\addons\ofxKinectCommonBridge\libs\KinectCommonBridge\lib\windows\vs_Speech\KinectCommonBridge.dll
  4 File(s) copied
  
  	                   9	D:\openFrameworks\export\vs\Win32\
  	  *EXTRA File 		   83456	D:\openFrameworks\apps\myApps\DS3\bin\KinectCommonBridge.dll
